C:\Users\silent\Desktop\silent\Xex Files\silent\silent\Debug\cl.command.1.tlog
C:\Users\silent\Desktop\silent\Xex Files\silent\silent\Debug\CL.read.1.tlog
C:\Users\silent\Desktop\silent\Xex Files\silent\silent\Debug\CL.read.2.tlog
C:\Users\silent\Desktop\silent\Xex Files\silent\silent\Debug\CL.write.1.tlog
C:\Users\silent\Desktop\silent\Xex Files\silent\silent\Debug\CL.write.2.tlog
C:\Users\silent\Desktop\silent\Xex Files\silent\silent\Debug\link.command.1.tlog
C:\Users\silent\Desktop\silent\Xex Files\silent\silent\Debug\link.read.1.tlog
C:\Users\silent\Desktop\silent\Xex Files\silent\silent\Debug\link.read.2.tlog
C:\Users\silent\Desktop\silent\Xex Files\silent\silent\Debug\link.write.1.tlog
C:\Users\silent\Desktop\silent\Xex Files\silent\silent\Debug\silent.exe
C:\Users\silent\Desktop\silent\Xex Files\silent\silent\Debug\silent.ilk
C:\Users\silent\Desktop\silent\Xex Files\silent\silent\Debug\silent.obj
C:\Users\silent\Desktop\silent\Xex Files\silent\silent\Debug\silent.pch
C:\Users\silent\Desktop\silent\Xex Files\silent\silent\Debug\silent.pdb
C:\Users\silent\Desktop\silent\Xex Files\silent\silent\Debug\silent.write.1.tlog
C:\Users\silent\Desktop\silent\Xex Files\silent\silent\Debug\silent.xdb
C:\Users\silent\Desktop\silent\Xex Files\silent\silent\Debug\silent.xex
C:\Users\silent\Desktop\silent\Xex Files\silent\silent\Debug\stdafx.obj
C:\Users\silent\Desktop\silent\Xex Files\silent\silent\Debug\Tools.obj
C:\Users\silent\Desktop\silent\Xex Files\silent\silent\Debug\vc100.idb
C:\Users\silent\Desktop\silent\Xex Files\silent\silent\Debug\vc100.pdb
C:\USERS\SILENT\DOCUMENTS\VISUAL STUDIO 2010\PROJECTS\SILENT\SILENT\DEBUG\SILENT.EXE
C:\USERS\SILENT\DOCUMENTS\VISUAL STUDIO 2010\PROJECTS\SILENT\SILENT\DEBUG\SILENT.ILK
C:\USERS\SILENT\DOCUMENTS\VISUAL STUDIO 2010\PROJECTS\SILENT\SILENT\DEBUG\SILENT.OBJ
C:\USERS\SILENT\DOCUMENTS\VISUAL STUDIO 2010\PROJECTS\SILENT\SILENT\DEBUG\SILENT.PCH
C:\USERS\SILENT\DOCUMENTS\VISUAL STUDIO 2010\PROJECTS\SILENT\SILENT\DEBUG\SILENT.PDB
C:\USERS\SILENT\DOCUMENTS\VISUAL STUDIO 2010\PROJECTS\SILENT\SILENT\DEBUG\STDAFX.OBJ
C:\USERS\SILENT\DOCUMENTS\VISUAL STUDIO 2010\PROJECTS\SILENT\SILENT\DEBUG\TOOLS.OBJ
C:\USERS\SILENT\DOCUMENTS\VISUAL STUDIO 2010\PROJECTS\SILENT\SILENT\DEBUG\VC100.PDB
